<?xml version="1.0" encoding="UTF-8"?>
<testsuite xmlns:xsi="http://www.w3.org/2001/XMLSchema-instance" xsi:noNamespaceSchemaLocation="https://maven.apache.org/surefire/maven-surefire-plugin/xsd/surefire-test-report-3.0.xsd" version="3.0" name="TestSuite" time="1.087" tests="4" errors="0" skipped="0" failures="0">
  <properties>
    <property name="sun.desktop" value="windows"/>
    <property name="awt.toolkit" value="sun.awt.windows.WToolkit"/>
    <property name="file.encoding.pkg" value="sun.io"/>
    <property name="java.specification.version" value="1.8"/>
    <property name="sun.cpu.isalist" value="amd64"/>
    <property name="sun.jnu.encoding" value="Cp1252"/>
    <property name="java.class.path" value="C:\work\Rest_Assured_Testing\target\test-classes;C:\work\Rest_Assured_Testing\target\classes;C:\Users\SG0224767\.m2\repository\io\rest-assured\rest-assured\4.1.2\rest-assured-4.1.2.jar;C:\Users\SG0224767\.m2\repository\org\codehaus\groovy\groovy\2.5.8\groovy-2.5.8.jar;C:\Users\SG0224767\.m2\repository\org\codehaus\groovy\groovy-xml\2.5.8\groovy-xml-2.5.8.jar;C:\Users\SG0224767\.m2\repository\org\apache\httpcomponents\httpclient\4.5.3\httpclient-4.5.3.jar;C:\Users\SG0224767\.m2\repository\org\apache\httpcomponents\httpcore\4.4.6\httpcore-4.4.6.jar;C:\Users\SG0224767\.m2\repository\commons-logging\commons-logging\1.2\commons-logging-1.2.jar;C:\Users\SG0224767\.m2\repository\commons-codec\commons-codec\1.9\commons-codec-1.9.jar;C:\Users\SG0224767\.m2\repository\org\apache\httpcomponents\httpmime\4.5.3\httpmime-4.5.3.jar;C:\Users\SG0224767\.m2\repository\org\hamcrest\hamcrest\2.1\hamcrest-2.1.jar;C:\Users\SG0224767\.m2\repository\org\ccil\cowan\tagsoup\tagsoup\1.2.1\tagsoup-1.2.1.jar;C:\Users\SG0224767\.m2\repository\io\rest-assured\json-path\4.1.2\json-path-4.1.2.jar;C:\Users\SG0224767\.m2\repository\org\codehaus\groovy\groovy-json\2.5.8\groovy-json-2.5.8.jar;C:\Users\SG0224767\.m2\repository\io\rest-assured\rest-assured-common\4.1.2\rest-assured-common-4.1.2.jar;C:\Users\SG0224767\.m2\repository\io\rest-assured\xml-path\4.1.2\xml-path-4.1.2.jar;C:\Users\SG0224767\.m2\repository\org\apache\commons\commons-lang3\3.4\commons-lang3-3.4.jar;C:\Users\SG0224767\.m2\repository\javax\xml\bind\jaxb-api\2.3.1\jaxb-api-2.3.1.jar;C:\Users\SG0224767\.m2\repository\javax\activation\javax.activation-api\1.2.0\javax.activation-api-1.2.0.jar;C:\Users\SG0224767\.m2\repository\com\sun\xml\bind\jaxb-osgi\2.3.0.1\jaxb-osgi-2.3.0.1.jar;C:\Users\SG0224767\.m2\repository\org\apache\sling\org.apache.sling.javax.activation\0.1.0\org.apache.sling.javax.activation-0.1.0.jar;C:\Users\SG0224767\.m2\repository\javax\activation\activation\1.1.1\activation-1.1.1.jar;C:\Users\SG0224767\.m2\repository\io\rest-assured\json-schema-validator\4.1.2\json-schema-validator-4.1.2.jar;C:\Users\SG0224767\.m2\repository\com\github\java-json-tools\json-schema-validator\2.2.10\json-schema-validator-2.2.10.jar;C:\Users\SG0224767\.m2\repository\com\github\java-json-tools\json-schema-core\1.2.10\json-schema-core-1.2.10.jar;C:\Users\SG0224767\.m2\repository\com\github\java-json-tools\jackson-coreutils\1.9\jackson-coreutils-1.9.jar;C:\Users\SG0224767\.m2\repository\com\fasterxml\jackson\core\jackson-databind\2.2.3\jackson-databind-2.2.3.jar;C:\Users\SG0224767\.m2\repository\com\fasterxml\jackson\core\jackson-annotations\2.2.3\jackson-annotations-2.2.3.jar;C:\Users\SG0224767\.m2\repository\com\fasterxml\jackson\core\jackson-core\2.2.3\jackson-core-2.2.3.jar;C:\Users\SG0224767\.m2\repository\com\google\guava\guava\16.0.1\guava-16.0.1.jar;C:\Users\SG0224767\.m2\repository\com\github\fge\msg-simple\1.1\msg-simple-1.1.jar;C:\Users\SG0224767\.m2\repository\com\github\fge\btf\1.2\btf-1.2.jar;C:\Users\SG0224767\.m2\repository\com\github\fge\uri-template\0.9\uri-template-0.9.jar;C:\Users\SG0224767\.m2\repository\org\mozilla\rhino\1.7.7.1\rhino-1.7.7.1.jar;C:\Users\SG0224767\.m2\repository\javax\mail\mailapi\1.4.3\mailapi-1.4.3.jar;C:\Users\SG0224767\.m2\repository\joda-time\joda-time\2.9.7\joda-time-2.9.7.jar;C:\Users\SG0224767\.m2\repository\com\googlecode\libphonenumber\libphonenumber\8.0.0\libphonenumber-8.0.0.jar;C:\Users\SG0224767\.m2\repository\com\google\code\findbugs\jsr305\3.0.1\jsr305-3.0.1.jar;C:\Users\SG0224767\.m2\repository\net\sf\jopt-simple\jopt-simple\5.0.3\jopt-simple-5.0.3.jar;C:\Users\SG0224767\.m2\repository\io\rest-assured\spring-mock-mvc\4.1.2\spring-mock-mvc-4.1.2.jar;C:\Users\SG0224767\.m2\repository\io\rest-assured\spring-commons\4.1.2\spring-commons-4.1.2.jar;C:\Users\SG0224767\.m2\repository\org\springframework\spring-test\4.3.23.RELEASE\spring-test-4.3.23.RELEASE.jar;C:\Users\SG0224767\.m2\repository\org\springframework\spring-core\4.3.23.RELEASE\spring-core-4.3.23.RELEASE.jar;C:\Users\SG0224767\.m2\repository\org\springframework\spring-webmvc\4.3.23.RELEASE\spring-webmvc-4.3.23.RELEASE.jar;C:\Users\SG0224767\.m2\repository\org\springframework\spring-aop\4.3.23.RELEASE\spring-aop-4.3.23.RELEASE.jar;C:\Users\SG0224767\.m2\repository\org\springframework\spring-beans\4.3.23.RELEASE\spring-beans-4.3.23.RELEASE.jar;C:\Users\SG0224767\.m2\repository\org\springframework\spring-expression\4.3.23.RELEASE\spring-expression-4.3.23.RELEASE.jar;C:\Users\SG0224767\.m2\repository\org\springframework\spring-web\4.3.23.RELEASE\spring-web-4.3.23.RELEASE.jar;C:\Users\SG0224767\.m2\repository\io\rest-assured\spring-web-test-client\4.1.2\spring-web-test-client-4.1.2.jar;C:\Users\SG0224767\.m2\repository\org\springframework\spring-context\5.1.0.RELEASE\spring-context-5.1.0.RELEASE.jar;C:\Users\SG0224767\.m2\repository\org\springframework\spring-webflux\5.1.0.RELEASE\spring-webflux-5.1.0.RELEASE.jar;C:\Users\SG0224767\.m2\repository\io\projectreactor\reactor-core\3.2.0.RELEASE\reactor-core-3.2.0.RELEASE.jar;C:\Users\SG0224767\.m2\repository\org\reactivestreams\reactive-streams\1.0.2\reactive-streams-1.0.2.jar;C:\Users\SG0224767\.m2\repository\io\rest-assured\scala-support\4.1.2\scala-support-4.1.2.jar;C:\Users\SG0224767\.m2\repository\org\scala-lang\scala-library\2.13.0\scala-library-2.13.0.jar;C:\Users\SG0224767\.m2\repository\org\testng\testng\6.14.3\testng-6.14.3.jar;C:\Users\SG0224767\.m2\repository\com\beust\jcommander\1.72\jcommander-1.72.jar;C:\Users\SG0224767\.m2\repository\org\apache-extras\beanshell\bsh\2.0b6\bsh-2.0b6.jar;C:\Users\SG0224767\.m2\repository\com\github\scribejava\scribejava-apis\2.5.3\scribejava-apis-2.5.3.jar;C:\Users\SG0224767\.m2\repository\com\github\scribejava\scribejava-core\2.5.3\scribejava-core-2.5.3.jar;C:\Users\SG0224767\.m2\repository\log4j\log4j\1.2.17\log4j-1.2.17.jar;"/>
    <property name="java.vm.vendor" value="Oracle Corporation"/>
    <property name="sun.arch.data.model" value="64"/>
    <property name="user.variant" value=""/>
    <property name="java.vendor.url" value="http://java.oracle.com/"/>
    <property name="user.timezone" value="Asia/Calcutta"/>
    <property name="java.vm.specification.version" value="1.8"/>
    <property name="os.name" value="Windows 10"/>
    <property name="user.country" value="US"/>
    <property name="sun.java.launcher" value="SUN_STANDARD"/>
    <property name="sun.boot.library.path" value="C:\Program Files\Java\jdk1.8.0_191\jre\bin"/>
    <property name="sun.java.command" value="C:\Users\SG0224767\AppData\Local\Temp\1\surefire7871372468186855588\surefirebooter4998253508173070918.jar C:\Users\SG0224767\AppData\Local\Temp\1\surefire7871372468186855588 2019-12-27T19-08-30_163-jvmRun1 surefire7398070267418320361tmp surefire_06095528194223126635tmp"/>
    <property name="surefire.test.class.path" value="C:\work\Rest_Assured_Testing\target\test-classes;C:\work\Rest_Assured_Testing\target\classes;C:\Users\SG0224767\.m2\repository\io\rest-assured\rest-assured\4.1.2\rest-assured-4.1.2.jar;C:\Users\SG0224767\.m2\repository\org\codehaus\groovy\groovy\2.5.8\groovy-2.5.8.jar;C:\Users\SG0224767\.m2\repository\org\codehaus\groovy\groovy-xml\2.5.8\groovy-xml-2.5.8.jar;C:\Users\SG0224767\.m2\repository\org\apache\httpcomponents\httpclient\4.5.3\httpclient-4.5.3.jar;C:\Users\SG0224767\.m2\repository\org\apache\httpcomponents\httpcore\4.4.6\httpcore-4.4.6.jar;C:\Users\SG0224767\.m2\repository\commons-logging\commons-logging\1.2\commons-logging-1.2.jar;C:\Users\SG0224767\.m2\repository\commons-codec\commons-codec\1.9\commons-codec-1.9.jar;C:\Users\SG0224767\.m2\repository\org\apache\httpcomponents\httpmime\4.5.3\httpmime-4.5.3.jar;C:\Users\SG0224767\.m2\repository\org\hamcrest\hamcrest\2.1\hamcrest-2.1.jar;C:\Users\SG0224767\.m2\repository\org\ccil\cowan\tagsoup\tagsoup\1.2.1\tagsoup-1.2.1.jar;C:\Users\SG0224767\.m2\repository\io\rest-assured\json-path\4.1.2\json-path-4.1.2.jar;C:\Users\SG0224767\.m2\repository\org\codehaus\groovy\groovy-json\2.5.8\groovy-json-2.5.8.jar;C:\Users\SG0224767\.m2\repository\io\rest-assured\rest-assured-common\4.1.2\rest-assured-common-4.1.2.jar;C:\Users\SG0224767\.m2\repository\io\rest-assured\xml-path\4.1.2\xml-path-4.1.2.jar;C:\Users\SG0224767\.m2\repository\org\apache\commons\commons-lang3\3.4\commons-lang3-3.4.jar;C:\Users\SG0224767\.m2\repository\javax\xml\bind\jaxb-api\2.3.1\jaxb-api-2.3.1.jar;C:\Users\SG0224767\.m2\repository\javax\activation\javax.activation-api\1.2.0\javax.activation-api-1.2.0.jar;C:\Users\SG0224767\.m2\repository\com\sun\xml\bind\jaxb-osgi\2.3.0.1\jaxb-osgi-2.3.0.1.jar;C:\Users\SG0224767\.m2\repository\org\apache\sling\org.apache.sling.javax.activation\0.1.0\org.apache.sling.javax.activation-0.1.0.jar;C:\Users\SG0224767\.m2\repository\javax\activation\activation\1.1.1\activation-1.1.1.jar;C:\Users\SG0224767\.m2\repository\io\rest-assured\json-schema-validator\4.1.2\json-schema-validator-4.1.2.jar;C:\Users\SG0224767\.m2\repository\com\github\java-json-tools\json-schema-validator\2.2.10\json-schema-validator-2.2.10.jar;C:\Users\SG0224767\.m2\repository\com\github\java-json-tools\json-schema-core\1.2.10\json-schema-core-1.2.10.jar;C:\Users\SG0224767\.m2\repository\com\github\java-json-tools\jackson-coreutils\1.9\jackson-coreutils-1.9.jar;C:\Users\SG0224767\.m2\repository\com\fasterxml\jackson\core\jackson-databind\2.2.3\jackson-databind-2.2.3.jar;C:\Users\SG0224767\.m2\repository\com\fasterxml\jackson\core\jackson-annotations\2.2.3\jackson-annotations-2.2.3.jar;C:\Users\SG0224767\.m2\repository\com\fasterxml\jackson\core\jackson-core\2.2.3\jackson-core-2.2.3.jar;C:\Users\SG0224767\.m2\repository\com\google\guava\guava\16.0.1\guava-16.0.1.jar;C:\Users\SG0224767\.m2\repository\com\github\fge\msg-simple\1.1\msg-simple-1.1.jar;C:\Users\SG0224767\.m2\repository\com\github\fge\btf\1.2\btf-1.2.jar;C:\Users\SG0224767\.m2\repository\com\github\fge\uri-template\0.9\uri-template-0.9.jar;C:\Users\SG0224767\.m2\repository\org\mozilla\rhino\1.7.7.1\rhino-1.7.7.1.jar;C:\Users\SG0224767\.m2\repository\javax\mail\mailapi\1.4.3\mailapi-1.4.3.jar;C:\Users\SG0224767\.m2\repository\joda-time\joda-time\2.9.7\joda-time-2.9.7.jar;C:\Users\SG0224767\.m2\repository\com\googlecode\libphonenumber\libphonenumber\8.0.0\libphonenumber-8.0.0.jar;C:\Users\SG0224767\.m2\repository\com\google\code\findbugs\jsr305\3.0.1\jsr305-3.0.1.jar;C:\Users\SG0224767\.m2\repository\net\sf\jopt-simple\jopt-simple\5.0.3\jopt-simple-5.0.3.jar;C:\Users\SG0224767\.m2\repository\io\rest-assured\spring-mock-mvc\4.1.2\spring-mock-mvc-4.1.2.jar;C:\Users\SG0224767\.m2\repository\io\rest-assured\spring-commons\4.1.2\spring-commons-4.1.2.jar;C:\Users\SG0224767\.m2\repository\org\springframework\spring-test\4.3.23.RELEASE\spring-test-4.3.23.RELEASE.jar;C:\Users\SG0224767\.m2\repository\org\springframework\spring-core\4.3.23.RELEASE\spring-core-4.3.23.RELEASE.jar;C:\Users\SG0224767\.m2\repository\org\springframework\spring-webmvc\4.3.23.RELEASE\spring-webmvc-4.3.23.RELEASE.jar;C:\Users\SG0224767\.m2\repository\org\springframework\spring-aop\4.3.23.RELEASE\spring-aop-4.3.23.RELEASE.jar;C:\Users\SG0224767\.m2\repository\org\springframework\spring-beans\4.3.23.RELEASE\spring-beans-4.3.23.RELEASE.jar;C:\Users\SG0224767\.m2\repository\org\springframework\spring-expression\4.3.23.RELEASE\spring-expression-4.3.23.RELEASE.jar;C:\Users\SG0224767\.m2\repository\org\springframework\spring-web\4.3.23.RELEASE\spring-web-4.3.23.RELEASE.jar;C:\Users\SG0224767\.m2\repository\io\rest-assured\spring-web-test-client\4.1.2\spring-web-test-client-4.1.2.jar;C:\Users\SG0224767\.m2\repository\org\springframework\spring-context\5.1.0.RELEASE\spring-context-5.1.0.RELEASE.jar;C:\Users\SG0224767\.m2\repository\org\springframework\spring-webflux\5.1.0.RELEASE\spring-webflux-5.1.0.RELEASE.jar;C:\Users\SG0224767\.m2\repository\io\projectreactor\reactor-core\3.2.0.RELEASE\reactor-core-3.2.0.RELEASE.jar;C:\Users\SG0224767\.m2\repository\org\reactivestreams\reactive-streams\1.0.2\reactive-streams-1.0.2.jar;C:\Users\SG0224767\.m2\repository\io\rest-assured\scala-support\4.1.2\scala-support-4.1.2.jar;C:\Users\SG0224767\.m2\repository\org\scala-lang\scala-library\2.13.0\scala-library-2.13.0.jar;C:\Users\SG0224767\.m2\repository\org\testng\testng\6.14.3\testng-6.14.3.jar;C:\Users\SG0224767\.m2\repository\com\beust\jcommander\1.72\jcommander-1.72.jar;C:\Users\SG0224767\.m2\repository\org\apache-extras\beanshell\bsh\2.0b6\bsh-2.0b6.jar;C:\Users\SG0224767\.m2\repository\com\github\scribejava\scribejava-apis\2.5.3\scribejava-apis-2.5.3.jar;C:\Users\SG0224767\.m2\repository\com\github\scribejava\scribejava-core\2.5.3\scribejava-core-2.5.3.jar;C:\Users\SG0224767\.m2\repository\log4j\log4j\1.2.17\log4j-1.2.17.jar;"/>
    <property name="sun.cpu.endian" value="little"/>
    <property name="user.home" value="C:\Users\SG0224767"/>
    <property name="user.language" value="en"/>
    <property name="java.specification.vendor" value="Oracle Corporation"/>
    <property name="java.home" value="C:\Program Files\Java\jdk1.8.0_191\jre"/>
    <property name="basedir" value="C:\work\Rest_Assured_Testing"/>
    <property name="file.separator" value="\"/>
    <property name="line.separator" value="&#10;"/>
    <property name="java.vm.specification.vendor" value="Oracle Corporation"/>
    <property name="java.specification.name" value="Java Platform API Specification"/>
    <property name="java.awt.graphicsenv" value="sun.awt.Win32GraphicsEnvironment"/>
    <property name="surefire.real.class.path" value="C:\Users\SG0224767\AppData\Local\Temp\1\surefire7871372468186855588\surefirebooter4998253508173070918.jar"/>
    <property name="sun.boot.class.path" value="C:\Program Files\Java\jdk1.8.0_191\jre\lib\resources.jar;C:\Program Files\Java\jdk1.8.0_191\jre\lib\rt.jar;C:\Program Files\Java\jdk1.8.0_191\jre\lib\sunrsasign.jar;C:\Program Files\Java\jdk1.8.0_191\jre\lib\jsse.jar;C:\Program Files\Java\jdk1.8.0_191\jre\lib\jce.jar;C:\Program Files\Java\jdk1.8.0_191\jre\lib\charsets.jar;C:\Program Files\Java\jdk1.8.0_191\jre\lib\jfr.jar;C:\Program Files\Java\jdk1.8.0_191\jre\classes"/>
    <property name="user.script" value=""/>
    <property name="sun.management.compiler" value="HotSpot 64-Bit Tiered Compilers"/>
    <property name="java.runtime.version" value="1.8.0_191-b12"/>
    <property name="user.name" value="SG0224767"/>
    <property name="path.separator" value=";"/>
    <property name="os.version" value="10.0"/>
    <property name="java.endorsed.dirs" value="C:\Program Files\Java\jdk1.8.0_191\jre\lib\endorsed"/>
    <property name="java.runtime.name" value="Java(TM) SE Runtime Environment"/>
    <property name="file.encoding" value="Cp1252"/>
    <property name="java.vm.name" value="Java HotSpot(TM) 64-Bit Server VM"/>
    <property name="localRepository" value="C:\Users\SG0224767\.m2\repository"/>
    <property name="java.vendor.url.bug" value="http://bugreport.sun.com/bugreport/"/>
    <property name="java.io.tmpdir" value="C:\Users\SG0224~1\AppData\Local\Temp\1\"/>
    <property name="idea.version" value="2018.3.6"/>
    <property name="java.version" value="1.8.0_191"/>
    <property name="user.dir" value="C:\work\Rest_Assured_Testing"/>
    <property name="os.arch" value="amd64"/>
    <property name="java.vm.specification.name" value="Java Virtual Machine Specification"/>
    <property name="java.awt.printerjob" value="sun.awt.windows.WPrinterJob"/>
    <property name="sun.os.patch.level" value=""/>
    <property name="java.library.path" value="C:\Program Files\Java\jdk1.8.0_191\jre\bin;C:\Windows\Sun\Java\bin;C:\Windows\system32;C:\Windows;C:\Program Files\Docker\Docker\Resources\bin;C:\Program Files (x86)\Common Files\Oracle\Java\javapath;C:\ProgramData\Oracle\Java\javapath;C:\Windows\system32;C:\Windows;C:\Windows\System32\Wbem;C:\Windows\System32\WindowsPowerShell\v1.0\;C:\Windows\System32\OpenSSH\;C:\Program Files (x86)\Webex\Webex\Applications;C:\Program Files (x86)\Sennheiser\SoftphoneSDK\;C:\Program Files\TortoiseSVN\bin;C:\Program Files (x86)\GitExtensions\;C:\Program Files\Java\jdk1.8.0_191\bin;C:\apache-maven-3.6.2-bin\apache-maven-3.6.2\bin;C:\Program Files\nodejs\;C:\Users\SG0224767\AppData\Local\Microsoft\WindowsApps;."/>
    <property name="java.vm.info" value="mixed mode"/>
    <property name="java.vendor" value="Oracle Corporation"/>
    <property name="java.vm.version" value="25.191-b12"/>
    <property name="java.ext.dirs" value="C:\Program Files\Java\jdk1.8.0_191\jre\lib\ext;C:\Windows\Sun\Java\lib\ext"/>
    <property name="sun.io.unicode.encoding" value="UnicodeLittle"/>
    <property name="java.class.version" value="52.0"/>
  </properties>
  <testcase name="ThreedLog4JSampleTest" classname="restApi.Twitter.Log4jSample" time="0.011"/>
  <testcase name="firstLog4JSampleTest" classname="restApi.Twitter.Log4jSample" time="0"/>
  <testcase name="fourthdLog4JSampleTest" classname="restApi.Twitter.Log4jSample" time="0"/>
  <testcase name="secondLog4JSampleTest" classname="restApi.Twitter.Log4jSample" time="0"/>
</testsuite>