<?xml version="1.0" encoding="UTF-8"?>
<!-- Generated by org.testng.reporters.JUnitReportReporter -->
<testsuite skipped="0" hostname="DE6BJ10X2" name="restApi.Twitter.Log4jSample" tests="4" failures="0" timestamp="30 Dec 2019 11:46:42 GMT" time="0.014" errors="0">
  <testcase name="fourthdLog4JSampleTest" time="0.001" classname="restApi.Twitter.Log4jSample"/>
  <testcase name="secondLog4JSampleTest" time="0.001" classname="restApi.Twitter.Log4jSample"/>
  <testcase name="ThreedLog4JSampleTest" time="0.011" classname="restApi.Twitter.Log4jSample"/>
  <testcase name="firstLog4JSampleTest" time="0.001" classname="restApi.Twitter.Log4jSample"/>
</testsuite> <!-- restApi.Twitter.Log4jSample -->
